2025-07-11 00:04:00 [HikariPool-1:housekeeper] WARN  com.zaxxer.hikari.pool.HikariPool - HikariPool-1 - Thread starvation or clock leap detected (housekeeper delta=17m26s759ms).
2025-07-11 00:14:41 [HikariPool-1:housekeeper] WARN  com.zaxxer.hikari.pool.HikariPool - HikariPool-1 - Thread starvation or clock leap detected (housekeeper delta=10m10s860ms).
2025-07-11 00:30:44 [HikariPool-1:housekeeper] WARN  com.zaxxer.hikari.pool.HikariPool - HikariPool-1 - Thread starvation or clock leap detected (housekeeper delta=15m32s964ms).
2025-07-11 01:46:37 [HikariPool-1:housekeeper] WARN  com.zaxxer.hikari.pool.HikariPool - HikariPool-1 - Thread starvation or clock leap detected (housekeeper delta=15m51s855ms).
2025-07-11 02:03:06 [HikariPool-1:housekeeper] WARN  com.zaxxer.hikari.pool.HikariPool - HikariPool-1 - Thread starvation or clock leap detected (housekeeper delta=15m59s507ms).
2025-07-11 02:21:02 [HikariPool-1:housekeeper] WARN  com.zaxxer.hikari.pool.HikariPool - HikariPool-1 - Thread starvation or clock leap detected (housekeeper delta=16m55s396ms).
2025-07-11 02:39:27 [HikariPool-1:housekeeper] WARN  com.zaxxer.hikari.pool.HikariPool - HikariPool-1 - Thread starvation or clock leap detected (housekeeper delta=16m55s227ms).
2025-07-11 02:55:41 [HikariPool-1:housekeeper] WARN  com.zaxxer.hikari.pool.HikariPool - HikariPool-1 - Thread starvation or clock leap detected (housekeeper delta=15m43s727ms).
2025-07-11 03:13:08 [HikariPool-1:housekeeper] WARN  com.zaxxer.hikari.pool.HikariPool - HikariPool-1 - Thread starvation or clock leap detected (housekeeper delta=16m56s927ms).
2025-07-11 03:30:09 [HikariPool-1:housekeeper] WARN  com.zaxxer.hikari.pool.HikariPool - HikariPool-1 - Thread starvation or clock leap detected (housekeeper delta=15m30s964ms).
2025-07-11 03:46:30 [HikariPool-1:housekeeper] WARN  com.zaxxer.hikari.pool.HikariPool - HikariPool-1 - Thread starvation or clock leap detected (housekeeper delta=15m50s976ms).
2025-07-11 04:03:25 [HikariPool-1:housekeeper] WARN  com.zaxxer.hikari.pool.HikariPool - HikariPool-1 - Thread starvation or clock leap detected (housekeeper delta=16m55s773ms).
2025-07-11 04:20:32 [HikariPool-1:housekeeper] WARN  com.zaxxer.hikari.pool.HikariPool - HikariPool-1 - Thread starvation or clock leap detected (housekeeper delta=16m36s762ms).
2025-07-11 04:40:29 [HikariPool-1:housekeeper] WARN  com.zaxxer.hikari.pool.HikariPool - HikariPool-1 - Thread starvation or clock leap detected (housekeeper delta=17m57s207ms).
2025-07-11 04:56:36 [HikariPool-1:housekeeper] WARN  com.zaxxer.hikari.pool.HikariPool - HikariPool-1 - Thread starvation or clock leap detected (housekeeper delta=16m6s780ms).
2025-07-11 05:01:32 [HikariPool-1:housekeeper] WARN  com.zaxxer.hikari.pool.HikariPool - HikariPool-1 - Thread starvation or clock leap detected (housekeeper delta=4m25s539ms).
2025-07-11 05:09:55 [HikariPool-1:housekeeper] WARN  com.zaxxer.hikari.pool.HikariPool - HikariPool-1 - Thread starvation or clock leap detected (housekeeper delta=5m23s511ms).
2025-07-11 05:28:02 [HikariPool-1:housekeeper] WARN  com.zaxxer.hikari.pool.HikariPool - HikariPool-1 - Thread starvation or clock leap detected (housekeeper delta=18m6s882ms).
2025-07-11 05:47:19 [HikariPool-1:housekeeper] WARN  com.zaxxer.hikari.pool.HikariPool - HikariPool-1 - Thread starvation or clock leap detected (housekeeper delta=17m47s89ms).
2025-07-11 06:03:45 [HikariPool-1:housekeeper] WARN  com.zaxxer.hikari.pool.HikariPool - HikariPool-1 - Thread starvation or clock leap detected (housekeeper delta=16m26s156ms).
2025-07-11 08:56:28 [HikariPool-1:housekeeper] WARN  com.zaxxer.hikari.pool.HikariPool - HikariPool-1 - Thread starvation or clock leap detected (housekeeper delta=15m39s947ms).
2025-07-11 09:02:25 [HikariPool-1:housekeeper] WARN  com.zaxxer.hikari.pool.HikariPool - HikariPool-1 - Thread starvation or clock leap detected (housekeeper delta=5m27s484ms).
2025-07-11 09:20:12 [HikariPool-1:housekeeper] WARN  com.zaxxer.hikari.pool.HikariPool - HikariPool-1 - Thread starvation or clock leap detected (housekeeper delta=16m47s22ms).
2025-07-11 09:26:14 [HikariPool-1:housekeeper] WARN  com.zaxxer.hikari.pool.HikariPool - HikariPool-1 - Thread starvation or clock leap detected (housekeeper delta=5m1s847ms).
2025-07-11 09:59:25 [HikariPool-1:housekeeper] WARN  com.zaxxer.hikari.pool.HikariPool - HikariPool-1 - Thread starvation or clock leap detected (housekeeper delta=13m9s614ms).
2025-07-11 10:01:53 [HikariPool-1:housekeeper] WARN  com.zaxxer.hikari.pool.HikariPool - HikariPool-1 - Thread starvation or clock leap detected (housekeeper delta=58s492ms).
2025-07-11 10:18:20 [HikariPool-1:housekeeper] WARN  com.zaxxer.hikari.pool.HikariPool - HikariPool-1 - Thread starvation or clock leap detected (housekeeper delta=15m56s763ms).
2025-07-11 10:34:30 [HikariPool-1:housekeeper] WARN  com.zaxxer.hikari.pool.HikariPool - HikariPool-1 - Thread starvation or clock leap detected (housekeeper delta=15m39s793ms).
2025-07-11 10:52:47 [HikariPool-1:housekeeper] WARN  com.zaxxer.hikari.pool.HikariPool - HikariPool-1 - Thread starvation or clock leap detected (housekeeper delta=17m47s700ms).
2025-07-11 10:55:26 [HikariPool-1:housekeeper] WARN  com.zaxxer.hikari.pool.HikariPool - HikariPool-1 - Thread starvation or clock leap detected (housekeeper delta=2m38s867ms).
2025-07-11 12:03:06 [HikariPool-1:housekeeper] WARN  com.zaxxer.hikari.pool.HikariPool - HikariPool-1 - Thread starvation or clock leap detected (housekeeper delta=1h6m29s697ms).
2025-07-11 12:07:32 [HikariPool-1:housekeeper] WARN  com.zaxxer.hikari.pool.HikariPool - HikariPool-1 - Thread starvation or clock leap detected (housekeeper delta=4m25s446ms).
2025-07-11 12:12:21 [SpringApplicationShutdownHook] INFO  o.s.b.w.e.tomcat.GracefulShutdown - Commencing graceful shutdown. Waiting for active requests to complete
2025-07-11 12:12:21 [tomcat-shutdown] INFO  o.s.b.w.e.tomcat.GracefulShutdown - Graceful shutdown complete
2025-07-11 12:12:21 [SpringApplicationShutdownHook] INFO  o.s.o.j.LocalContainerEntityManagerFactoryBean - Closing JPA EntityManagerFactory for persistence unit 'default'
2025-07-11 12:12:22 [SpringApplicationShutdownHook] INFO  com.zaxxer.hikari.HikariDataSource - HikariPool-1 - Shutdown initiated...
2025-07-11 12:12:22 [SpringApplicationShutdownHook] INFO  com.zaxxer.hikari.HikariDataSource - HikariPool-1 - Shutdown completed.
2025-07-11 12:12:28 [restartedMain] INFO  com.safedrive.SafeDriveApplication - Starting SafeDriveApplication using Java 23.0.2 with PID 45527 (/Users/steven/Desktop/Jobs/Projects/safeDrive/target/classes started by steven in /Users/steven/Desktop/Jobs/Projects/safeDrive)
2025-07-11 12:12:28 [restartedMain] INFO  com.safedrive.SafeDriveApplication - No active profile set, falling back to 1 default profile: "default"
2025-07-11 12:12:28 [restartedMain] INFO  o.s.b.d.e.DevToolsPropertyDefaultsPostProcessor - Devtools property defaults active! Set 'spring.devtools.add-properties' to 'false' to disable
2025-07-11 12:12:28 [restartedMain] INFO  o.s.b.d.e.DevToolsPropertyDefaultsPostProcessor - For additional web related logging consider setting the 'logging.level.web' property to 'DEBUG'
2025-07-11 12:12:29 [restartedMain] INFO  o.s.d.r.c.RepositoryConfigurationDelegate - Bootstrapping Spring Data JPA repositories in DEFAULT mode.
2025-07-11 12:12:29 [restartedMain] INFO  o.s.d.r.c.RepositoryConfigurationDelegate - Finished Spring Data repository scanning in 43 ms. Found 4 JPA repository interfaces.
2025-07-11 12:12:29 [restartedMain] INFO  o.s.b.w.e.tomcat.TomcatWebServer - Tomcat initialized with port 8080 (http)
2025-07-11 12:12:29 [restartedMain] INFO  o.a.catalina.core.StandardService - Starting service [Tomcat]
2025-07-11 12:12:29 [restartedMain] INFO  o.a.catalina.core.StandardEngine - Starting Servlet engine: [Apache Tomcat/10.1.42]
2025-07-11 12:12:29 [restartedMain] INFO  o.a.c.c.C.[Tomcat].[localhost].[/] - Initializing Spring embedded WebApplicationContext
2025-07-11 12:12:29 [restartedMain] INFO  o.s.b.w.s.c.ServletWebServerApplicationContext - Root WebApplicationContext: initialization completed in 1156 ms
2025-07-11 12:12:30 [restartedMain] DEBUG o.f.c.i.s.classpath.ClassPathScanner - Scanning for classpath resources at 'classpath:db/callback' ...
2025-07-11 12:12:30 [restartedMain] DEBUG o.f.c.i.s.classpath.ClassPathScanner - Determining location urls for classpath:db/callback using ClassLoader TomcatEmbeddedWebappClassLoader
  context: ROOT
  delegate: true
----------> Parent Classloader:
org.springframework.boot.devtools.restart.classloader.RestartClassLoader@3a3b8ac2
 ...
2025-07-11 12:12:30 [restartedMain] DEBUG o.f.c.i.s.classpath.ClassPathScanner - Unable to resolve location classpath:db/callback.
2025-07-11 12:12:30 [restartedMain] DEBUG o.f.c.i.s.classpath.ClassPathScanner - Scanning for classpath resources at 'classpath:db/migration' ...
2025-07-11 12:12:30 [restartedMain] DEBUG o.f.c.i.s.classpath.ClassPathScanner - Determining location urls for classpath:db/migration using ClassLoader TomcatEmbeddedWebappClassLoader
  context: ROOT
  delegate: true
----------> Parent Classloader:
org.springframework.boot.devtools.restart.classloader.RestartClassLoader@3a3b8ac2
 ...
2025-07-11 12:12:30 [restartedMain] DEBUG o.f.c.i.s.classpath.ClassPathScanner - Scanning URL: file:/Users/steven/Desktop/Jobs/Projects/safeDrive/target/classes/db/migration
2025-07-11 12:12:30 [restartedMain] DEBUG o.f.c.i.s.c.FileSystemClassPathLocationScanner - Scanning starting at classpath root in filesystem: /Users/steven/Desktop/Jobs/Projects/safeDrive/target/classes/
2025-07-11 12:12:30 [restartedMain] DEBUG o.f.c.i.s.c.FileSystemClassPathLocationScanner - Scanning for resources in path: /Users/steven/Desktop/Jobs/Projects/safeDrive/target/classes/db/migration (db/migration)
2025-07-11 12:12:30 [restartedMain] DEBUG o.f.c.i.s.classpath.ClassPathScanner - Found resource: db/migration/V1__Initial_schema.sql
2025-07-11 12:12:30 [restartedMain] DEBUG o.f.c.i.s.classpath.ClassPathScanner - Found resource: db/migration/V2__Clean_database.sql
2025-07-11 12:12:30 [restartedMain] DEBUG o.f.c.i.s.classpath.ClassPathScanner - Scanning for classes at classpath:db/migration
2025-07-11 12:12:30 [restartedMain] INFO  com.zaxxer.hikari.HikariDataSource - HikariPool-1 - Starting...
2025-07-11 12:12:30 [restartedMain] INFO  com.zaxxer.hikari.pool.HikariPool - HikariPool-1 - Added connection org.postgresql.jdbc.PgConnection@3be44756
2025-07-11 12:12:30 [restartedMain] INFO  com.zaxxer.hikari.HikariDataSource - HikariPool-1 - Start completed.
2025-07-11 12:12:30 [restartedMain] DEBUG o.f.c.i.r.ResourceNameValidator - Validating V2__Clean_database.sql
2025-07-11 12:12:30 [restartedMain] DEBUG o.f.c.i.r.ResourceNameValidator - Validating V1__Initial_schema.sql
2025-07-11 12:12:30 [restartedMain] DEBUG o.f.c.i.d.DatabaseTypeRegister - Multiple databases found that handle url 'jdbc:postgresql://localhost:5432/safedrive': CockroachDB,PostgreSQL
2025-07-11 12:12:30 [restartedMain] INFO  org.flywaydb.core.FlywayExecutor - Database: jdbc:postgresql://localhost:5432/safedrive (PostgreSQL 16.9)
2025-07-11 12:12:30 [restartedMain] DEBUG org.flywaydb.core.FlywayExecutor - Database Type: PostgreSQL
2025-07-11 12:12:30 [restartedMain] DEBUG org.flywaydb.core.FlywayExecutor - Driver: PostgreSQL JDBC Driver 42.7.7
2025-07-11 12:12:30 [restartedMain] DEBUG org.flywaydb.core.FlywayExecutor - DDL Transactions Supported: true
2025-07-11 12:12:30 [restartedMain] DEBUG o.f.c.i.s.SchemaHistoryFactory - Schemas: 
2025-07-11 12:12:30 [restartedMain] DEBUG o.f.c.i.s.SchemaHistoryFactory - Default schema: null
2025-07-11 12:12:30 [restartedMain] DEBUG org.flywaydb.core.FlywayExecutor - Scanning for script callbacks ...
2025-07-11 12:12:30 [restartedMain] DEBUG o.f.c.i.c.SqlScriptCallbackFactory - Scanning for SQL callbacks ...
2025-07-11 12:12:30 [restartedMain] DEBUG o.f.core.internal.command.DbValidate - Validating migrations ...
2025-07-11 12:12:30 [restartedMain] DEBUG o.f.c.a.c.ClassicConfiguration - CherryPickConfigurationExtension not found
2025-07-11 12:12:30 [restartedMain] DEBUG o.f.core.internal.scanner.Scanner - Filtering out resource: db/migration/V2__Clean_database.sql (filename: V2__Clean_database.sql)
2025-07-11 12:12:30 [restartedMain] DEBUG o.f.core.internal.scanner.Scanner - Filtering out resource: db/migration/V1__Initial_schema.sql (filename: V1__Initial_schema.sql)
2025-07-11 12:12:30 [restartedMain] DEBUG o.f.core.internal.scanner.Scanner - Filtering out resource: db/migration/V2__Clean_database.sql (filename: V2__Clean_database.sql)
2025-07-11 12:12:30 [restartedMain] DEBUG o.f.core.internal.scanner.Scanner - Filtering out resource: db/migration/V1__Initial_schema.sql (filename: V1__Initial_schema.sql)
2025-07-11 12:12:30 [restartedMain] DEBUG o.f.core.internal.scanner.Scanner - Filtering out resource: db/migration/V2__Clean_database.sql (filename: V2__Clean_database.sql)
2025-07-11 12:12:30 [restartedMain] DEBUG o.f.core.internal.scanner.Scanner - Filtering out resource: db/migration/V1__Initial_schema.sql (filename: V1__Initial_schema.sql)
2025-07-11 12:12:30 [restartedMain] DEBUG o.f.core.internal.scanner.Scanner - Filtering out resource: db/migration/V2__Clean_database.sql (filename: V2__Clean_database.sql)
2025-07-11 12:12:30 [restartedMain] DEBUG o.f.core.internal.scanner.Scanner - Filtering out resource: db/migration/V1__Initial_schema.sql (filename: V1__Initial_schema.sql)
2025-07-11 12:12:30 [restartedMain] INFO  o.f.core.internal.command.DbValidate - Successfully validated 2 migrations (execution time 00:00.029s)
2025-07-11 12:12:30 [restartedMain] DEBUG o.f.core.internal.command.DbSchemas - Skipping creation of existing schema: "public"
2025-07-11 12:12:30 [restartedMain] DEBUG o.f.c.a.c.ClassicConfiguration - CherryPickConfigurationExtension not found
2025-07-11 12:12:30 [restartedMain] INFO  o.f.core.internal.command.DbMigrate - Current version of schema "public": 2
2025-07-11 12:12:30 [restartedMain] INFO  o.f.core.internal.command.DbMigrate - Schema "public" is up to date. No migration necessary.
2025-07-11 12:12:30 [restartedMain] DEBUG org.flywaydb.core.FlywayExecutor - Memory usage: 32 of 72M
2025-07-11 12:12:30 [restartedMain] INFO  o.h.jpa.internal.util.LogHelper - HHH000204: Processing PersistenceUnitInfo [name: default]
2025-07-11 12:12:30 [restartedMain] INFO  org.hibernate.Version - HHH000412: Hibernate ORM core version 6.6.18.Final
2025-07-11 12:12:30 [restartedMain] INFO  o.h.c.i.RegionFactoryInitiator - HHH000026: Second-level cache disabled
2025-07-11 12:12:30 [restartedMain] INFO  o.s.o.j.p.SpringPersistenceUnitInfo - No LoadTimeWeaver setup: ignoring JPA class transformer
2025-07-11 12:12:30 [restartedMain] WARN  org.hibernate.orm.deprecation - HHH90000025: PostgreSQLDialect does not need to be specified explicitly using 'hibernate.dialect' (remove the property setting and it will be selected by default)
2025-07-11 12:12:30 [restartedMain] INFO  o.hibernate.orm.connections.pooling - HHH10001005: Database info:
	Database JDBC URL [Connecting through datasource 'HikariDataSource (HikariPool-1)']
	Database driver: undefined/unknown
	Database version: 16.9
	Autocommit mode: undefined/unknown
	Isolation level: undefined/unknown
	Minimum pool size: undefined/unknown
	Maximum pool size: undefined/unknown
2025-07-11 12:12:31 [restartedMain] INFO  o.h.e.t.j.p.i.JtaPlatformInitiator - HHH000489: No JTA platform available (set 'hibernate.transaction.jta.platform' to enable JTA platform integration)
2025-07-11 12:12:31 [restartedMain] INFO  o.s.o.j.LocalContainerEntityManagerFactoryBean - Initialized JPA EntityManagerFactory for persistence unit 'default'
2025-07-11 12:12:31 [restartedMain] INFO  o.s.d.j.r.query.QueryEnhancerFactory - Hibernate is in classpath; If applicable, HQL parser will be used.
2025-07-11 12:12:33 [restartedMain] WARN  o.s.b.a.s.s.UserDetailsServiceAutoConfiguration - 

Using generated security password: 2a9d935c-047c-46a4-bc5d-b8b523f8cdf9

This generated password is for development use only. Your security configuration must be updated before running your application in production.

2025-07-11 12:12:33 [restartedMain] INFO  o.s.b.d.a.OptionalLiveReloadServer - LiveReload server is running on port 35729
2025-07-11 12:12:33 [restartedMain] INFO  o.s.b.w.e.tomcat.TomcatWebServer - Tomcat started on port 8080 (http) with context path '/'
2025-07-11 12:12:33 [restartedMain] INFO  com.safedrive.SafeDriveApplication - Started SafeDriveApplication in 5.18 seconds (process running for 5.553)
2025-07-11 12:12:33 [http-nio-8080-exec-1] INFO  o.a.c.c.C.[Tomcat].[localhost].[/] - Initializing Spring DispatcherServlet 'dispatcherServlet'
2025-07-11 12:12:33 [http-nio-8080-exec-1] INFO  o.s.web.servlet.DispatcherServlet - Initializing Servlet 'dispatcherServlet'
2025-07-11 12:12:33 [http-nio-8080-exec-1] INFO  o.s.web.servlet.DispatcherServlet - Completed initialization in 3 ms
2025-07-11 12:16:38 [http-nio-8080-exec-9] INFO  c.s.controller.AuthController - Login attempt for email: orange@safedrive.com
2025-07-11 12:16:38 [http-nio-8080-exec-9] INFO  c.s.controller.AuthController - User logged in successfully: orange@safedrive.com
2025-07-11 12:18:04 [http-nio-8080-exec-3] INFO  c.s.controller.AuthController - Login attempt for email: testuser@safedrive.com
2025-07-11 12:18:04 [http-nio-8080-exec-3] INFO  c.s.controller.AuthController - User logged in successfully: testuser@safedrive.com
2025-07-11 12:20:02 [http-nio-8080-exec-10] INFO  c.s.controller.AuthController - Login attempt for email: testuser@safedrive.com
2025-07-11 12:20:02 [http-nio-8080-exec-10] INFO  c.s.controller.AuthController - User logged in successfully: testuser@safedrive.com
2025-07-11 12:20:20 [http-nio-8080-exec-3] INFO  c.s.controller.AuthController - Login attempt for email: orange@safedrive.com
2025-07-11 12:20:20 [http-nio-8080-exec-3] INFO  c.s.controller.AuthController - User logged in successfully: orange@safedrive.com
2025-07-11 12:28:56 [http-nio-8080-exec-9] INFO  c.s.controller.AuthController - Login attempt for email: testuser@safedrive.com
2025-07-11 12:28:56 [http-nio-8080-exec-9] INFO  c.s.controller.AuthController - User logged in successfully: testuser@safedrive.com
2025-07-11 12:29:30 [http-nio-8080-exec-5] INFO  c.s.controller.AuthController - Login attempt for email: orange@safedrive.com
2025-07-11 12:29:30 [http-nio-8080-exec-5] INFO  c.s.controller.AuthController - User logged in successfully: orange@safedrive.com
2025-07-11 12:40:41 [http-nio-8080-exec-10] INFO  c.s.controller.AuthController - Login attempt for email: testuser@safedrive.com
2025-07-11 12:40:41 [http-nio-8080-exec-10] INFO  c.s.controller.AuthController - User logged in successfully: testuser@safedrive.com
2025-07-11 12:52:29 [HikariPool-1:housekeeper] WARN  com.zaxxer.hikari.pool.HikariPool - HikariPool-1 - Thread starvation or clock leap detected (housekeeper delta=58s463ms).
2025-07-11 12:53:44 [http-nio-8080-exec-2] INFO  c.s.controller.AuthController - Login attempt for email: orange@safedrive.com
2025-07-11 12:53:44 [http-nio-8080-exec-2] INFO  c.s.controller.AuthController - User logged in successfully: orange@safedrive.com
2025-07-11 12:54:02 [http-nio-8080-exec-10] INFO  c.s.controller.AuthController - Login attempt for email: testuser@safedrive.com
2025-07-11 12:54:02 [http-nio-8080-exec-10] INFO  c.s.controller.AuthController - User logged in successfully: testuser@safedrive.com
2025-07-11 12:54:31 [http-nio-8080-exec-6] INFO  c.s.controller.AuthController - Login attempt for email: usertest@safedrive.com
2025-07-11 12:54:31 [http-nio-8080-exec-6] WARN  c.s.controller.AuthController - Login failed - user not found: usertest@safedrive.com
2025-07-11 12:54:38 [http-nio-8080-exec-2] INFO  c.s.controller.AuthController - Login attempt for email: testuser@safedrive.com
2025-07-11 12:54:38 [http-nio-8080-exec-2] INFO  c.s.controller.AuthController - User logged in successfully: testuser@safedrive.com
2025-07-11 12:55:10 [http-nio-8080-exec-10] INFO  c.s.controller.AuthController - Login attempt for email: test@safedrive.com
2025-07-11 12:55:10 [http-nio-8080-exec-10] WARN  c.s.controller.AuthController - Login failed - user not found: test@safedrive.com
2025-07-11 12:55:47 [http-nio-8080-exec-1] INFO  c.s.controller.AuthController - Login attempt for email: test@safedrive.com
2025-07-11 12:55:47 [http-nio-8080-exec-1] WARN  c.s.controller.AuthController - Login failed - user not found: test@safedrive.com
2025-07-11 13:00:45 [SpringApplicationShutdownHook] INFO  o.s.b.w.e.tomcat.GracefulShutdown - Commencing graceful shutdown. Waiting for active requests to complete
2025-07-11 13:00:47 [tomcat-shutdown] INFO  o.s.b.w.e.tomcat.GracefulShutdown - Graceful shutdown complete
2025-07-11 13:00:47 [SpringApplicationShutdownHook] INFO  o.s.o.j.LocalContainerEntityManagerFactoryBean - Closing JPA EntityManagerFactory for persistence unit 'default'
2025-07-11 13:00:47 [SpringApplicationShutdownHook] INFO  com.zaxxer.hikari.HikariDataSource - HikariPool-1 - Shutdown initiated...
2025-07-11 13:00:47 [SpringApplicationShutdownHook] INFO  com.zaxxer.hikari.HikariDataSource - HikariPool-1 - Shutdown completed.
2025-07-11 13:00:52 [restartedMain] INFO  com.safedrive.SafeDriveApplication - Starting SafeDriveApplication using Java 23.0.2 with PID 59739 (/Users/steven/Desktop/Jobs/Projects/safeDrive/target/classes started by steven in /Users/steven/Desktop/Jobs/Projects/safeDrive)
2025-07-11 13:00:52 [restartedMain] INFO  com.safedrive.SafeDriveApplication - No active profile set, falling back to 1 default profile: "default"
2025-07-11 13:00:52 [restartedMain] INFO  o.s.b.d.e.DevToolsPropertyDefaultsPostProcessor - Devtools property defaults active! Set 'spring.devtools.add-properties' to 'false' to disable
2025-07-11 13:00:52 [restartedMain] INFO  o.s.b.d.e.DevToolsPropertyDefaultsPostProcessor - For additional web related logging consider setting the 'logging.level.web' property to 'DEBUG'
2025-07-11 13:00:53 [restartedMain] INFO  o.s.d.r.c.RepositoryConfigurationDelegate - Bootstrapping Spring Data JPA repositories in DEFAULT mode.
2025-07-11 13:00:53 [restartedMain] INFO  o.s.d.r.c.RepositoryConfigurationDelegate - Finished Spring Data repository scanning in 38 ms. Found 4 JPA repository interfaces.
2025-07-11 13:00:54 [restartedMain] INFO  o.s.b.w.e.tomcat.TomcatWebServer - Tomcat initialized with port 8080 (http)
2025-07-11 13:00:54 [restartedMain] INFO  o.a.catalina.core.StandardService - Starting service [Tomcat]
2025-07-11 13:00:54 [restartedMain] INFO  o.a.catalina.core.StandardEngine - Starting Servlet engine: [Apache Tomcat/10.1.42]
2025-07-11 13:00:54 [restartedMain] INFO  o.a.c.c.C.[Tomcat].[localhost].[/] - Initializing Spring embedded WebApplicationContext
2025-07-11 13:00:54 [restartedMain] INFO  o.s.b.w.s.c.ServletWebServerApplicationContext - Root WebApplicationContext: initialization completed in 1061 ms
2025-07-11 13:00:54 [restartedMain] DEBUG o.f.c.i.s.classpath.ClassPathScanner - Scanning for classpath resources at 'classpath:db/callback' ...
2025-07-11 13:00:54 [restartedMain] DEBUG o.f.c.i.s.classpath.ClassPathScanner - Determining location urls for classpath:db/callback using ClassLoader TomcatEmbeddedWebappClassLoader
  context: ROOT
  delegate: true
----------> Parent Classloader:
org.springframework.boot.devtools.restart.classloader.RestartClassLoader@3a3b8ac2
 ...
2025-07-11 13:00:54 [restartedMain] DEBUG o.f.c.i.s.classpath.ClassPathScanner - Unable to resolve location classpath:db/callback.
2025-07-11 13:00:54 [restartedMain] DEBUG o.f.c.i.s.classpath.ClassPathScanner - Scanning for classpath resources at 'classpath:db/migration' ...
2025-07-11 13:00:54 [restartedMain] DEBUG o.f.c.i.s.classpath.ClassPathScanner - Determining location urls for classpath:db/migration using ClassLoader TomcatEmbeddedWebappClassLoader
  context: ROOT
  delegate: true
----------> Parent Classloader:
org.springframework.boot.devtools.restart.classloader.RestartClassLoader@3a3b8ac2
 ...
2025-07-11 13:00:54 [restartedMain] DEBUG o.f.c.i.s.classpath.ClassPathScanner - Scanning URL: file:/Users/steven/Desktop/Jobs/Projects/safeDrive/target/classes/db/migration
2025-07-11 13:00:54 [restartedMain] DEBUG o.f.c.i.s.c.FileSystemClassPathLocationScanner - Scanning starting at classpath root in filesystem: /Users/steven/Desktop/Jobs/Projects/safeDrive/target/classes/
2025-07-11 13:00:54 [restartedMain] DEBUG o.f.c.i.s.c.FileSystemClassPathLocationScanner - Scanning for resources in path: /Users/steven/Desktop/Jobs/Projects/safeDrive/target/classes/db/migration (db/migration)
2025-07-11 13:00:54 [restartedMain] DEBUG o.f.c.i.s.classpath.ClassPathScanner - Found resource: db/migration/V1__Initial_schema.sql
2025-07-11 13:00:54 [restartedMain] DEBUG o.f.c.i.s.classpath.ClassPathScanner - Found resource: db/migration/V2__Clean_database.sql
2025-07-11 13:00:54 [restartedMain] DEBUG o.f.c.i.s.classpath.ClassPathScanner - Scanning for classes at classpath:db/migration
2025-07-11 13:00:54 [restartedMain] INFO  com.zaxxer.hikari.HikariDataSource - HikariPool-1 - Starting...
2025-07-11 13:00:54 [restartedMain] INFO  com.zaxxer.hikari.pool.HikariPool - HikariPool-1 - Added connection org.postgresql.jdbc.PgConnection@3be44756
2025-07-11 13:00:54 [restartedMain] INFO  com.zaxxer.hikari.HikariDataSource - HikariPool-1 - Start completed.
2025-07-11 13:00:54 [restartedMain] DEBUG o.f.c.i.r.ResourceNameValidator - Validating V2__Clean_database.sql
2025-07-11 13:00:54 [restartedMain] DEBUG o.f.c.i.r.ResourceNameValidator - Validating V1__Initial_schema.sql
2025-07-11 13:00:54 [restartedMain] DEBUG o.f.c.i.d.DatabaseTypeRegister - Multiple databases found that handle url 'jdbc:postgresql://localhost:5432/safedrive': CockroachDB,PostgreSQL
2025-07-11 13:00:54 [restartedMain] INFO  org.flywaydb.core.FlywayExecutor - Database: jdbc:postgresql://localhost:5432/safedrive (PostgreSQL 16.9)
2025-07-11 13:00:54 [restartedMain] DEBUG org.flywaydb.core.FlywayExecutor - Database Type: PostgreSQL
2025-07-11 13:00:54 [restartedMain] DEBUG org.flywaydb.core.FlywayExecutor - Driver: PostgreSQL JDBC Driver 42.7.7
2025-07-11 13:00:54 [restartedMain] DEBUG org.flywaydb.core.FlywayExecutor - DDL Transactions Supported: true
2025-07-11 13:00:54 [restartedMain] DEBUG o.f.c.i.s.SchemaHistoryFactory - Schemas: 
2025-07-11 13:00:54 [restartedMain] DEBUG o.f.c.i.s.SchemaHistoryFactory - Default schema: null
2025-07-11 13:00:54 [restartedMain] DEBUG org.flywaydb.core.FlywayExecutor - Scanning for script callbacks ...
2025-07-11 13:00:54 [restartedMain] DEBUG o.f.c.i.c.SqlScriptCallbackFactory - Scanning for SQL callbacks ...
2025-07-11 13:00:54 [restartedMain] DEBUG o.f.core.internal.command.DbValidate - Validating migrations ...
2025-07-11 13:00:54 [restartedMain] DEBUG o.f.c.a.c.ClassicConfiguration - CherryPickConfigurationExtension not found
2025-07-11 13:00:54 [restartedMain] DEBUG o.f.core.internal.scanner.Scanner - Filtering out resource: db/migration/V2__Clean_database.sql (filename: V2__Clean_database.sql)
2025-07-11 13:00:54 [restartedMain] DEBUG o.f.core.internal.scanner.Scanner - Filtering out resource: db/migration/V1__Initial_schema.sql (filename: V1__Initial_schema.sql)
2025-07-11 13:00:54 [restartedMain] DEBUG o.f.core.internal.scanner.Scanner - Filtering out resource: db/migration/V2__Clean_database.sql (filename: V2__Clean_database.sql)
2025-07-11 13:00:54 [restartedMain] DEBUG o.f.core.internal.scanner.Scanner - Filtering out resource: db/migration/V1__Initial_schema.sql (filename: V1__Initial_schema.sql)
2025-07-11 13:00:54 [restartedMain] DEBUG o.f.core.internal.scanner.Scanner - Filtering out resource: db/migration/V2__Clean_database.sql (filename: V2__Clean_database.sql)
2025-07-11 13:00:54 [restartedMain] DEBUG o.f.core.internal.scanner.Scanner - Filtering out resource: db/migration/V1__Initial_schema.sql (filename: V1__Initial_schema.sql)
2025-07-11 13:00:54 [restartedMain] DEBUG o.f.core.internal.scanner.Scanner - Filtering out resource: db/migration/V2__Clean_database.sql (filename: V2__Clean_database.sql)
2025-07-11 13:00:54 [restartedMain] DEBUG o.f.core.internal.scanner.Scanner - Filtering out resource: db/migration/V1__Initial_schema.sql (filename: V1__Initial_schema.sql)
2025-07-11 13:00:54 [restartedMain] INFO  o.f.core.internal.command.DbValidate - Successfully validated 2 migrations (execution time 00:00.034s)
2025-07-11 13:00:54 [restartedMain] DEBUG o.f.core.internal.command.DbSchemas - Skipping creation of existing schema: "public"
2025-07-11 13:00:54 [restartedMain] DEBUG o.f.c.a.c.ClassicConfiguration - CherryPickConfigurationExtension not found
2025-07-11 13:00:54 [restartedMain] INFO  o.f.core.internal.command.DbMigrate - Current version of schema "public": 2
2025-07-11 13:00:54 [restartedMain] INFO  o.f.core.internal.command.DbMigrate - Schema "public" is up to date. No migration necessary.
2025-07-11 13:00:54 [restartedMain] DEBUG org.flywaydb.core.FlywayExecutor - Memory usage: 32 of 72M
2025-07-11 13:00:54 [restartedMain] INFO  o.h.jpa.internal.util.LogHelper - HHH000204: Processing PersistenceUnitInfo [name: default]
2025-07-11 13:00:54 [restartedMain] INFO  org.hibernate.Version - HHH000412: Hibernate ORM core version 6.6.18.Final
2025-07-11 13:00:54 [restartedMain] INFO  o.h.c.i.RegionFactoryInitiator - HHH000026: Second-level cache disabled
2025-07-11 13:00:54 [restartedMain] INFO  o.s.o.j.p.SpringPersistenceUnitInfo - No LoadTimeWeaver setup: ignoring JPA class transformer
2025-07-11 13:00:54 [restartedMain] WARN  org.hibernate.orm.deprecation - HHH90000025: PostgreSQLDialect does not need to be specified explicitly using 'hibernate.dialect' (remove the property setting and it will be selected by default)
2025-07-11 13:00:54 [restartedMain] INFO  o.hibernate.orm.connections.pooling - HHH10001005: Database info:
	Database JDBC URL [Connecting through datasource 'HikariDataSource (HikariPool-1)']
	Database driver: undefined/unknown
	Database version: 16.9
	Autocommit mode: undefined/unknown
	Isolation level: undefined/unknown
	Minimum pool size: undefined/unknown
	Maximum pool size: undefined/unknown
2025-07-11 13:00:55 [restartedMain] INFO  o.h.e.t.j.p.i.JtaPlatformInitiator - HHH000489: No JTA platform available (set 'hibernate.transaction.jta.platform' to enable JTA platform integration)
2025-07-11 13:00:55 [restartedMain] INFO  o.s.o.j.LocalContainerEntityManagerFactoryBean - Initialized JPA EntityManagerFactory for persistence unit 'default'
2025-07-11 13:00:55 [restartedMain] INFO  o.s.d.j.r.query.QueryEnhancerFactory - Hibernate is in classpath; If applicable, HQL parser will be used.
2025-07-11 13:00:57 [restartedMain] WARN  o.s.b.a.s.s.UserDetailsServiceAutoConfiguration - 

Using generated security password: e152d655-5875-4cc6-aa1a-b68250420294

This generated password is for development use only. Your security configuration must be updated before running your application in production.

2025-07-11 13:00:57 [restartedMain] INFO  o.s.b.d.a.OptionalLiveReloadServer - LiveReload server is running on port 35729
2025-07-11 13:00:57 [restartedMain] INFO  o.s.b.w.e.tomcat.TomcatWebServer - Tomcat started on port 8080 (http) with context path '/'
2025-07-11 13:00:57 [restartedMain] INFO  com.safedrive.SafeDriveApplication - Started SafeDriveApplication in 4.987 seconds (process running for 5.31)
2025-07-11 13:01:09 [http-nio-8080-exec-1] INFO  o.a.c.c.C.[Tomcat].[localhost].[/] - Initializing Spring DispatcherServlet 'dispatcherServlet'
2025-07-11 13:01:09 [http-nio-8080-exec-1] INFO  o.s.web.servlet.DispatcherServlet - Initializing Servlet 'dispatcherServlet'
2025-07-11 13:01:09 [http-nio-8080-exec-1] INFO  o.s.web.servlet.DispatcherServlet - Completed initialization in 2 ms
2025-07-11 13:01:09 [http-nio-8080-exec-2] INFO  c.s.controller.AuthController - Login attempt for email: orange@safedrive.com
2025-07-11 13:01:10 [http-nio-8080-exec-2] INFO  c.s.controller.AuthController - User logged in successfully: orange@safedrive.com
2025-07-11 13:06:48 [http-nio-8080-exec-1] INFO  c.s.controller.AuthController - Registration attempt for email: test2@safedrive.com
2025-07-11 13:06:48 [http-nio-8080-exec-1] INFO  com.safedrive.service.UserService - Creating user with email: test2@safedrive.com
2025-07-11 13:06:48 [http-nio-8080-exec-1] INFO  com.safedrive.service.UserService - User created successfully with ID: 5
2025-07-11 13:06:48 [http-nio-8080-exec-1] INFO  c.s.controller.AuthController - User registered successfully: test2@safedrive.com
2025-07-11 13:13:22 [http-nio-8080-exec-5] INFO  c.s.controller.AuthController - Registration attempt for email: hello@world.com
2025-07-11 13:13:22 [http-nio-8080-exec-5] INFO  com.safedrive.service.UserService - Creating user with email: hello@world.com
2025-07-11 13:13:22 [http-nio-8080-exec-5] INFO  com.safedrive.service.UserService - User created successfully with ID: 6
2025-07-11 13:13:22 [http-nio-8080-exec-5] INFO  c.s.controller.AuthController - User registered successfully: hello@world.com
2025-07-11 13:13:50 [http-nio-8080-exec-10] INFO  c.s.controller.AuthController - Login attempt for email: testuser@safedrive.com
2025-07-11 13:13:51 [http-nio-8080-exec-10] INFO  c.s.controller.AuthController - User logged in successfully: testuser@safedrive.com
2025-07-11 13:25:41 [http-nio-8080-exec-2] INFO  c.s.controller.AuthController - Login attempt for email: hello@world.com
2025-07-11 13:25:41 [http-nio-8080-exec-2] INFO  c.s.controller.AuthController - User logged in successfully: hello@world.com
2025-07-11 13:26:00 [http-nio-8080-exec-2] INFO  c.s.controller.AuthController - Login attempt for email: testuser@safedrive.com
2025-07-11 13:26:00 [http-nio-8080-exec-2] INFO  c.s.controller.AuthController - User logged in successfully: testuser@safedrive.com
2025-07-11 13:36:09 [http-nio-8080-exec-9] INFO  com.safedrive.service.NoteService - Creating note 'My private note 2' for user ID: 2
2025-07-11 13:36:09 [http-nio-8080-exec-9] INFO  com.safedrive.service.NoteService - Note created successfully with ID: 4
2025-07-11 13:36:14 [http-nio-8080-exec-5] INFO  com.safedrive.service.NoteService - Updating note ID: 4 for user ID: 2
2025-07-11 13:36:14 [http-nio-8080-exec-5] INFO  com.safedrive.service.NoteService - Note updated successfully
2025-07-11 13:36:21 [http-nio-8080-exec-6] INFO  com.safedrive.service.NoteService - Creating note 'note 3' for user ID: 2
2025-07-11 13:36:21 [http-nio-8080-exec-6] INFO  com.safedrive.service.NoteService - Note created successfully with ID: 5
2025-07-11 13:47:37 [http-nio-8080-exec-3] INFO  c.s.service.CredentialService - Creating credential for service 'netflix' for user ID: 2
2025-07-11 13:47:38 [http-nio-8080-exec-3] INFO  c.s.service.CredentialService - Credential created successfully with ID: 5
2025-07-11 13:48:24 [http-nio-8080-exec-6] INFO  c.s.service.CredentialService - Creating credential for service 'gmail2' for user ID: 2
2025-07-11 13:48:24 [http-nio-8080-exec-6] INFO  c.s.service.CredentialService - Credential created successfully with ID: 6
2025-07-11 14:06:44 [HikariPool-1:housekeeper] WARN  com.zaxxer.hikari.pool.HikariPool - HikariPool-1 - Thread starvation or clock leap detected (housekeeper delta=11m49s296ms).
2025-07-11 14:52:07 [HikariPool-1:housekeeper] WARN  com.zaxxer.hikari.pool.HikariPool - HikariPool-1 - Thread starvation or clock leap detected (housekeeper delta=45m23s128ms).
2025-07-11 14:54:50 [HikariPool-1:housekeeper] WARN  com.zaxxer.hikari.pool.HikariPool - HikariPool-1 - Thread starvation or clock leap detected (housekeeper delta=2m43s534ms).
2025-07-11 15:15:22 [HikariPool-1:housekeeper] WARN  com.zaxxer.hikari.pool.HikariPool - HikariPool-1 - Thread starvation or clock leap detected (housekeeper delta=20m31s585ms).
2025-07-11 15:21:03 [File Watcher] INFO  o.s.b.d.a.LocalDevToolsAutoConfiguration$RestartingClassPathChangeChangedEventListener - Restarting due to 47 class path changes (0 additions, 47 deletions, 0 modifications)
2025-07-11 15:21:03 [Thread-5] INFO  o.s.b.w.e.tomcat.GracefulShutdown - Commencing graceful shutdown. Waiting for active requests to complete
2025-07-11 15:21:03 [tomcat-shutdown] INFO  o.s.b.w.e.tomcat.GracefulShutdown - Graceful shutdown complete
2025-07-11 15:21:03 [Thread-5] INFO  o.s.o.j.LocalContainerEntityManagerFactoryBean - Closing JPA EntityManagerFactory for persistence unit 'default'
2025-07-11 15:21:03 [Thread-5] INFO  com.zaxxer.hikari.HikariDataSource - HikariPool-1 - Shutdown initiated...
2025-07-11 15:21:03 [Thread-5] INFO  com.zaxxer.hikari.HikariDataSource - HikariPool-1 - Shutdown completed.
2025-07-11 19:42:31 [restartedMain] INFO  com.safedrive.SafeDriveApplication - Starting SafeDriveApplication using Java 23.0.2 with PID 39535 (/Users/steven/Desktop/Jobs/Projects/OrangeDrive/backend/target/classes started by steven in /Users/steven/Desktop/Jobs/Projects/OrangeDrive/backend)
2025-07-11 19:42:31 [restartedMain] INFO  com.safedrive.SafeDriveApplication - No active profile set, falling back to 1 default profile: "default"
2025-07-11 19:42:31 [restartedMain] INFO  o.s.b.d.e.DevToolsPropertyDefaultsPostProcessor - Devtools property defaults active! Set 'spring.devtools.add-properties' to 'false' to disable
2025-07-11 19:42:31 [restartedMain] INFO  o.s.b.d.e.DevToolsPropertyDefaultsPostProcessor - For additional web related logging consider setting the 'logging.level.web' property to 'DEBUG'
2025-07-11 19:42:32 [restartedMain] INFO  o.s.d.r.c.RepositoryConfigurationDelegate - Bootstrapping Spring Data JPA repositories in DEFAULT mode.
2025-07-11 19:42:32 [restartedMain] INFO  o.s.d.r.c.RepositoryConfigurationDelegate - Finished Spring Data repository scanning in 31 ms. Found 4 JPA repository interfaces.
2025-07-11 19:42:32 [restartedMain] INFO  o.s.b.w.e.tomcat.TomcatWebServer - Tomcat initialized with port 8080 (http)
2025-07-11 19:42:32 [restartedMain] INFO  o.a.catalina.core.StandardService - Starting service [Tomcat]
2025-07-11 19:42:32 [restartedMain] INFO  o.a.catalina.core.StandardEngine - Starting Servlet engine: [Apache Tomcat/10.1.42]
2025-07-11 19:42:32 [restartedMain] INFO  o.a.c.c.C.[Tomcat].[localhost].[/] - Initializing Spring embedded WebApplicationContext
2025-07-11 19:42:32 [restartedMain] INFO  o.s.b.w.s.c.ServletWebServerApplicationContext - Root WebApplicationContext: initialization completed in 968 ms
2025-07-11 19:42:32 [restartedMain] DEBUG o.f.c.i.s.classpath.ClassPathScanner - Scanning for classpath resources at 'classpath:db/callback' ...
2025-07-11 19:42:32 [restartedMain] DEBUG o.f.c.i.s.classpath.ClassPathScanner - Determining location urls for classpath:db/callback using ClassLoader TomcatEmbeddedWebappClassLoader
  context: ROOT
  delegate: true
----------> Parent Classloader:
org.springframework.boot.devtools.restart.classloader.RestartClassLoader@3a3b8ac2
 ...
2025-07-11 19:42:32 [restartedMain] DEBUG o.f.c.i.s.classpath.ClassPathScanner - Unable to resolve location classpath:db/callback.
2025-07-11 19:42:32 [restartedMain] DEBUG o.f.c.i.s.classpath.ClassPathScanner - Scanning for classpath resources at 'classpath:db/migration' ...
2025-07-11 19:42:32 [restartedMain] DEBUG o.f.c.i.s.classpath.ClassPathScanner - Determining location urls for classpath:db/migration using ClassLoader TomcatEmbeddedWebappClassLoader
  context: ROOT
  delegate: true
----------> Parent Classloader:
org.springframework.boot.devtools.restart.classloader.RestartClassLoader@3a3b8ac2
 ...
2025-07-11 19:42:32 [restartedMain] DEBUG o.f.c.i.s.classpath.ClassPathScanner - Scanning URL: file:/Users/steven/Desktop/Jobs/Projects/OrangeDrive/backend/target/classes/db/migration
2025-07-11 19:42:32 [restartedMain] DEBUG o.f.c.i.s.c.FileSystemClassPathLocationScanner - Scanning starting at classpath root in filesystem: /Users/steven/Desktop/Jobs/Projects/OrangeDrive/backend/target/classes/
2025-07-11 19:42:32 [restartedMain] DEBUG o.f.c.i.s.c.FileSystemClassPathLocationScanner - Scanning for resources in path: /Users/steven/Desktop/Jobs/Projects/OrangeDrive/backend/target/classes/db/migration (db/migration)
2025-07-11 19:42:32 [restartedMain] DEBUG o.f.c.i.s.classpath.ClassPathScanner - Found resource: db/migration/V1__Initial_schema.sql
2025-07-11 19:42:32 [restartedMain] DEBUG o.f.c.i.s.classpath.ClassPathScanner - Found resource: db/migration/V2__Clean_database.sql
2025-07-11 19:42:32 [restartedMain] DEBUG o.f.c.i.s.classpath.ClassPathScanner - Scanning for classes at classpath:db/migration
2025-07-11 19:42:32 [restartedMain] INFO  com.zaxxer.hikari.HikariDataSource - HikariPool-1 - Starting...
2025-07-11 19:42:33 [restartedMain] INFO  com.zaxxer.hikari.pool.HikariPool - HikariPool-1 - Added connection org.postgresql.jdbc.PgConnection@4a12fdca
2025-07-11 19:42:33 [restartedMain] INFO  com.zaxxer.hikari.HikariDataSource - HikariPool-1 - Start completed.
2025-07-11 19:42:33 [restartedMain] DEBUG o.f.c.i.r.ResourceNameValidator - Validating V1__Initial_schema.sql
2025-07-11 19:42:33 [restartedMain] DEBUG o.f.c.i.r.ResourceNameValidator - Validating V2__Clean_database.sql
2025-07-11 19:42:33 [restartedMain] DEBUG o.f.c.i.d.DatabaseTypeRegister - Multiple databases found that handle url 'jdbc:postgresql://localhost:5432/safedrive': CockroachDB,PostgreSQL
2025-07-11 19:42:33 [restartedMain] INFO  org.flywaydb.core.FlywayExecutor - Database: jdbc:postgresql://localhost:5432/safedrive (PostgreSQL 16.9)
2025-07-11 19:42:33 [restartedMain] DEBUG org.flywaydb.core.FlywayExecutor - Database Type: PostgreSQL
2025-07-11 19:42:33 [restartedMain] DEBUG org.flywaydb.core.FlywayExecutor - Driver: PostgreSQL JDBC Driver 42.7.7
2025-07-11 19:42:33 [restartedMain] DEBUG org.flywaydb.core.FlywayExecutor - DDL Transactions Supported: true
2025-07-11 19:42:33 [restartedMain] DEBUG o.f.c.i.s.SchemaHistoryFactory - Schemas: 
2025-07-11 19:42:33 [restartedMain] DEBUG o.f.c.i.s.SchemaHistoryFactory - Default schema: null
2025-07-11 19:42:33 [restartedMain] DEBUG org.flywaydb.core.FlywayExecutor - Scanning for script callbacks ...
2025-07-11 19:42:33 [restartedMain] DEBUG o.f.c.i.c.SqlScriptCallbackFactory - Scanning for SQL callbacks ...
2025-07-11 19:42:33 [restartedMain] DEBUG o.f.core.internal.command.DbValidate - Validating migrations ...
2025-07-11 19:42:33 [restartedMain] DEBUG o.f.c.a.c.ClassicConfiguration - CherryPickConfigurationExtension not found
2025-07-11 19:42:33 [restartedMain] DEBUG o.f.core.internal.scanner.Scanner - Filtering out resource: db/migration/V1__Initial_schema.sql (filename: V1__Initial_schema.sql)
2025-07-11 19:42:33 [restartedMain] DEBUG o.f.core.internal.scanner.Scanner - Filtering out resource: db/migration/V2__Clean_database.sql (filename: V2__Clean_database.sql)
2025-07-11 19:42:33 [restartedMain] DEBUG o.f.core.internal.scanner.Scanner - Filtering out resource: db/migration/V1__Initial_schema.sql (filename: V1__Initial_schema.sql)
2025-07-11 19:42:33 [restartedMain] DEBUG o.f.core.internal.scanner.Scanner - Filtering out resource: db/migration/V2__Clean_database.sql (filename: V2__Clean_database.sql)
2025-07-11 19:42:33 [restartedMain] DEBUG o.f.core.internal.scanner.Scanner - Filtering out resource: db/migration/V1__Initial_schema.sql (filename: V1__Initial_schema.sql)
2025-07-11 19:42:33 [restartedMain] DEBUG o.f.core.internal.scanner.Scanner - Filtering out resource: db/migration/V2__Clean_database.sql (filename: V2__Clean_database.sql)
2025-07-11 19:42:33 [restartedMain] DEBUG o.f.core.internal.scanner.Scanner - Filtering out resource: db/migration/V1__Initial_schema.sql (filename: V1__Initial_schema.sql)
2025-07-11 19:42:33 [restartedMain] DEBUG o.f.core.internal.scanner.Scanner - Filtering out resource: db/migration/V2__Clean_database.sql (filename: V2__Clean_database.sql)
2025-07-11 19:42:33 [restartedMain] INFO  o.f.core.internal.command.DbValidate - Successfully validated 2 migrations (execution time 00:00.020s)
2025-07-11 19:42:33 [restartedMain] DEBUG o.f.core.internal.command.DbSchemas - Skipping creation of existing schema: "public"
2025-07-11 19:42:33 [restartedMain] DEBUG o.f.c.a.c.ClassicConfiguration - CherryPickConfigurationExtension not found
2025-07-11 19:42:33 [restartedMain] INFO  o.f.core.internal.command.DbMigrate - Current version of schema "public": 2
2025-07-11 19:42:33 [restartedMain] INFO  o.f.core.internal.command.DbMigrate - Schema "public" is up to date. No migration necessary.
2025-07-11 19:42:33 [restartedMain] DEBUG org.flywaydb.core.FlywayExecutor - Memory usage: 33 of 88M
2025-07-11 19:42:33 [restartedMain] INFO  o.h.jpa.internal.util.LogHelper - HHH000204: Processing PersistenceUnitInfo [name: default]
2025-07-11 19:42:33 [restartedMain] INFO  org.hibernate.Version - HHH000412: Hibernate ORM core version 6.6.18.Final
2025-07-11 19:42:33 [restartedMain] INFO  o.h.c.i.RegionFactoryInitiator - HHH000026: Second-level cache disabled
2025-07-11 19:42:33 [restartedMain] INFO  o.s.o.j.p.SpringPersistenceUnitInfo - No LoadTimeWeaver setup: ignoring JPA class transformer
2025-07-11 19:42:33 [restartedMain] WARN  org.hibernate.orm.deprecation - HHH90000025: PostgreSQLDialect does not need to be specified explicitly using 'hibernate.dialect' (remove the property setting and it will be selected by default)
2025-07-11 19:42:33 [restartedMain] INFO  o.hibernate.orm.connections.pooling - HHH10001005: Database info:
	Database JDBC URL [Connecting through datasource 'HikariDataSource (HikariPool-1)']
	Database driver: undefined/unknown
	Database version: 16.9
	Autocommit mode: undefined/unknown
	Isolation level: undefined/unknown
	Minimum pool size: undefined/unknown
	Maximum pool size: undefined/unknown
2025-07-11 19:42:34 [restartedMain] INFO  o.h.e.t.j.p.i.JtaPlatformInitiator - HHH000489: No JTA platform available (set 'hibernate.transaction.jta.platform' to enable JTA platform integration)
2025-07-11 19:42:34 [restartedMain] INFO  o.s.o.j.LocalContainerEntityManagerFactoryBean - Initialized JPA EntityManagerFactory for persistence unit 'default'
2025-07-11 19:42:34 [restartedMain] INFO  o.s.d.j.r.query.QueryEnhancerFactory - Hibernate is in classpath; If applicable, HQL parser will be used.
2025-07-11 19:42:35 [restartedMain] WARN  o.s.b.a.s.s.UserDetailsServiceAutoConfiguration - 

Using generated security password: 27a7b763-40dd-4299-8b2f-0d979d72922d

This generated password is for development use only. Your security configuration must be updated before running your application in production.

2025-07-11 19:42:36 [restartedMain] INFO  o.s.b.d.a.OptionalLiveReloadServer - LiveReload server is running on port 35729
2025-07-11 19:42:36 [restartedMain] INFO  o.s.b.w.e.tomcat.TomcatWebServer - Tomcat started on port 8080 (http) with context path '/'
2025-07-11 19:42:36 [restartedMain] INFO  com.safedrive.SafeDriveApplication - Started SafeDriveApplication in 4.697 seconds (process running for 5.0)
2025-07-11 19:43:12 [http-nio-8080-exec-1] INFO  o.a.c.c.C.[Tomcat].[localhost].[/] - Initializing Spring DispatcherServlet 'dispatcherServlet'
2025-07-11 19:43:12 [http-nio-8080-exec-1] INFO  o.s.web.servlet.DispatcherServlet - Initializing Servlet 'dispatcherServlet'
2025-07-11 19:43:12 [http-nio-8080-exec-1] INFO  o.s.web.servlet.DispatcherServlet - Completed initialization in 2 ms
2025-07-11 19:43:12 [http-nio-8080-exec-2] INFO  c.s.controller.AuthController - Login attempt for email: orange@safedrive.com
2025-07-11 19:43:12 [http-nio-8080-exec-2] INFO  c.s.controller.AuthController - User logged in successfully: orange@safedrive.com
2025-07-11 19:44:00 [http-nio-8080-exec-3] INFO  c.s.service.CredentialService - Creating credential for service 'gmail' for user ID: 4
2025-07-11 19:44:00 [http-nio-8080-exec-3] INFO  c.s.service.CredentialService - Credential created successfully with ID: 7
2025-07-11 19:44:19 [http-nio-8080-exec-1] INFO  com.safedrive.service.FileService - Deleting file ID: 1 for user ID: 4
2025-07-11 19:44:19 [http-nio-8080-exec-1] INFO  com.safedrive.service.FileService - File deleted successfully for user 4
2025-07-11 19:44:25 [http-nio-8080-exec-9] INFO  c.s.controller.FileController - File upload request: icon.png
2025-07-11 19:44:25 [http-nio-8080-exec-9] INFO  com.safedrive.service.FileService - Uploading file 'icon.png' for user ID: 4
2025-07-11 19:44:25 [http-nio-8080-exec-9] INFO  com.safedrive.service.FileService - File uploaded successfully with ID: 2 for user 4
2025-07-11 19:45:34 [File Watcher] INFO  o.s.b.d.a.LocalDevToolsAutoConfiguration$RestartingClassPathChangeChangedEventListener - Restarting due to 29 class path changes (29 additions, 0 deletions, 0 modifications)
2025-07-11 19:45:34 [Thread-5] INFO  o.s.b.w.e.tomcat.GracefulShutdown - Commencing graceful shutdown. Waiting for active requests to complete
2025-07-11 19:45:36 [tomcat-shutdown] INFO  o.s.b.w.e.tomcat.GracefulShutdown - Graceful shutdown complete
2025-07-11 19:45:36 [http-nio-8080-Acceptor] ERROR org.apache.tomcat.util.net.Acceptor - Socket accept failed
java.nio.channels.AsynchronousCloseException: null
	at java.base/java.nio.channels.spi.AbstractInterruptibleChannel.end(AbstractInterruptibleChannel.java:218)
	at java.base/sun.nio.ch.ServerSocketChannelImpl.end(ServerSocketChannelImpl.java:383)
	at java.base/sun.nio.ch.ServerSocketChannelImpl.accept(ServerSocketChannelImpl.java:408)
	at org.apache.tomcat.util.net.NioEndpoint.serverSocketAccept(NioEndpoint.java:537)
	at org.apache.tomcat.util.net.NioEndpoint.serverSocketAccept(NioEndpoint.java:72)
	at org.apache.tomcat.util.net.Acceptor.run(Acceptor.java:127)
	at java.base/java.lang.Thread.run(Thread.java:1575)
2025-07-11 19:45:36 [Thread-5] INFO  o.s.o.j.LocalContainerEntityManagerFactoryBean - Closing JPA EntityManagerFactory for persistence unit 'default'
2025-07-11 19:45:36 [Thread-5] INFO  com.zaxxer.hikari.HikariDataSource - HikariPool-1 - Shutdown initiated...
2025-07-11 19:45:36 [Thread-5] INFO  com.zaxxer.hikari.HikariDataSource - HikariPool-1 - Shutdown completed.
2025-07-11 19:45:36 [restartedMain] INFO  com.safedrive.SafeDriveApplication - Starting SafeDriveApplication using Java 23.0.2 with PID 39535 (/Users/steven/Desktop/Jobs/Projects/OrangeDrive/backend/target/classes started by steven in /Users/steven/Desktop/Jobs/Projects/OrangeDrive/backend)
2025-07-11 19:45:36 [restartedMain] INFO  com.safedrive.SafeDriveApplication - No active profile set, falling back to 1 default profile: "default"
2025-07-11 19:45:41 [restartedMain] INFO  o.s.d.r.c.RepositoryConfigurationDelegate - Bootstrapping Spring Data JPA repositories in DEFAULT mode.
2025-07-11 19:45:41 [restartedMain] INFO  o.s.d.r.c.RepositoryConfigurationDelegate - Finished Spring Data repository scanning in 10 ms. Found 4 JPA repository interfaces.
2025-07-11 19:45:41 [restartedMain] INFO  o.s.b.w.e.tomcat.TomcatWebServer - Tomcat initialized with port 8080 (http)
2025-07-11 19:45:41 [restartedMain] INFO  o.a.catalina.core.StandardService - Starting service [Tomcat]
2025-07-11 19:45:41 [restartedMain] INFO  o.a.catalina.core.StandardEngine - Starting Servlet engine: [Apache Tomcat/10.1.42]
2025-07-11 19:45:41 [restartedMain] INFO  o.a.c.c.C.[Tomcat].[localhost].[/] - Initializing Spring embedded WebApplicationContext
2025-07-11 19:45:41 [restartedMain] INFO  o.s.b.w.s.c.ServletWebServerApplicationContext - Root WebApplicationContext: initialization completed in 5387 ms
2025-07-11 19:45:41 [restartedMain] DEBUG o.f.c.i.s.classpath.ClassPathScanner - Scanning for classpath resources at 'classpath:db/callback' ...
2025-07-11 19:45:41 [restartedMain] DEBUG o.f.c.i.s.classpath.ClassPathScanner - Determining location urls for classpath:db/callback using ClassLoader TomcatEmbeddedWebappClassLoader
  context: ROOT
  delegate: true
----------> Parent Classloader:
org.springframework.boot.devtools.restart.classloader.RestartClassLoader@3a0da8e1
 ...
2025-07-11 19:45:41 [restartedMain] DEBUG o.f.c.i.s.classpath.ClassPathScanner - Unable to resolve location classpath:db/callback.
2025-07-11 19:45:41 [restartedMain] DEBUG o.f.c.i.s.classpath.ClassPathScanner - Scanning for classpath resources at 'classpath:db/migration' ...
2025-07-11 19:45:41 [restartedMain] DEBUG o.f.c.i.s.classpath.ClassPathScanner - Determining location urls for classpath:db/migration using ClassLoader TomcatEmbeddedWebappClassLoader
  context: ROOT
  delegate: true
----------> Parent Classloader:
org.springframework.boot.devtools.restart.classloader.RestartClassLoader@3a0da8e1
 ...
2025-07-11 19:45:41 [restartedMain] DEBUG o.f.c.i.s.classpath.ClassPathScanner - Scanning URL: file:/Users/steven/Desktop/Jobs/Projects/OrangeDrive/backend/target/classes/db/migration
2025-07-11 19:45:41 [restartedMain] DEBUG o.f.c.i.s.c.FileSystemClassPathLocationScanner - Scanning starting at classpath root in filesystem: /Users/steven/Desktop/Jobs/Projects/OrangeDrive/backend/target/classes/
2025-07-11 19:45:41 [restartedMain] DEBUG o.f.c.i.s.c.FileSystemClassPathLocationScanner - Scanning for resources in path: /Users/steven/Desktop/Jobs/Projects/OrangeDrive/backend/target/classes/db/migration (db/migration)
2025-07-11 19:45:41 [restartedMain] DEBUG o.f.c.i.s.classpath.ClassPathScanner - Found resource: db/migration/V1__Initial_schema.sql
2025-07-11 19:45:41 [restartedMain] DEBUG o.f.c.i.s.classpath.ClassPathScanner - Found resource: db/migration/V2__Clean_database.sql
2025-07-11 19:45:41 [restartedMain] DEBUG o.f.c.i.s.classpath.ClassPathScanner - Scanning for classes at classpath:db/migration
2025-07-11 19:45:41 [restartedMain] INFO  com.zaxxer.hikari.HikariDataSource - HikariPool-2 - Starting...
2025-07-11 19:45:41 [restartedMain] INFO  com.zaxxer.hikari.pool.HikariPool - HikariPool-2 - Added connection org.postgresql.jdbc.PgConnection@62b05458
2025-07-11 19:45:41 [restartedMain] INFO  com.zaxxer.hikari.HikariDataSource - HikariPool-2 - Start completed.
2025-07-11 19:45:41 [restartedMain] DEBUG o.f.c.i.r.ResourceNameValidator - Validating V1__Initial_schema.sql
2025-07-11 19:45:41 [restartedMain] DEBUG o.f.c.i.r.ResourceNameValidator - Validating V2__Clean_database.sql
2025-07-11 19:45:41 [restartedMain] DEBUG o.f.c.i.d.DatabaseTypeRegister - Multiple databases found that handle url 'jdbc:postgresql://localhost:5432/safedrive': CockroachDB,PostgreSQL
2025-07-11 19:45:41 [restartedMain] INFO  org.flywaydb.core.FlywayExecutor - Database: jdbc:postgresql://localhost:5432/safedrive (PostgreSQL 16.9)
2025-07-11 19:45:41 [restartedMain] DEBUG org.flywaydb.core.FlywayExecutor - Database Type: PostgreSQL
2025-07-11 19:45:41 [restartedMain] DEBUG org.flywaydb.core.FlywayExecutor - Driver: PostgreSQL JDBC Driver 42.7.7
2025-07-11 19:45:41 [restartedMain] DEBUG org.flywaydb.core.FlywayExecutor - DDL Transactions Supported: true
2025-07-11 19:45:41 [restartedMain] DEBUG o.f.c.i.s.SchemaHistoryFactory - Schemas: 
2025-07-11 19:45:41 [restartedMain] DEBUG o.f.c.i.s.SchemaHistoryFactory - Default schema: null
2025-07-11 19:45:41 [restartedMain] DEBUG org.flywaydb.core.FlywayExecutor - Scanning for script callbacks ...
2025-07-11 19:45:41 [restartedMain] DEBUG o.f.c.i.c.SqlScriptCallbackFactory - Scanning for SQL callbacks ...
2025-07-11 19:45:41 [restartedMain] DEBUG o.f.core.internal.command.DbValidate - Validating migrations ...
2025-07-11 19:45:41 [restartedMain] DEBUG o.f.c.a.c.ClassicConfiguration - CherryPickConfigurationExtension not found
2025-07-11 19:45:41 [restartedMain] DEBUG o.f.core.internal.scanner.Scanner - Filtering out resource: db/migration/V1__Initial_schema.sql (filename: V1__Initial_schema.sql)
2025-07-11 19:45:41 [restartedMain] DEBUG o.f.core.internal.scanner.Scanner - Filtering out resource: db/migration/V2__Clean_database.sql (filename: V2__Clean_database.sql)
2025-07-11 19:45:41 [restartedMain] DEBUG o.f.core.internal.scanner.Scanner - Filtering out resource: db/migration/V1__Initial_schema.sql (filename: V1__Initial_schema.sql)
2025-07-11 19:45:41 [restartedMain] DEBUG o.f.core.internal.scanner.Scanner - Filtering out resource: db/migration/V2__Clean_database.sql (filename: V2__Clean_database.sql)
2025-07-11 19:45:41 [restartedMain] DEBUG o.f.core.internal.scanner.Scanner - Filtering out resource: db/migration/V1__Initial_schema.sql (filename: V1__Initial_schema.sql)
2025-07-11 19:45:41 [restartedMain] DEBUG o.f.core.internal.scanner.Scanner - Filtering out resource: db/migration/V2__Clean_database.sql (filename: V2__Clean_database.sql)
2025-07-11 19:45:41 [restartedMain] DEBUG o.f.core.internal.scanner.Scanner - Filtering out resource: db/migration/V1__Initial_schema.sql (filename: V1__Initial_schema.sql)
2025-07-11 19:45:41 [restartedMain] DEBUG o.f.core.internal.scanner.Scanner - Filtering out resource: db/migration/V2__Clean_database.sql (filename: V2__Clean_database.sql)
2025-07-11 19:45:41 [restartedMain] INFO  o.f.core.internal.command.DbValidate - Successfully validated 2 migrations (execution time 00:00.007s)
2025-07-11 19:45:41 [restartedMain] DEBUG o.f.core.internal.command.DbSchemas - Skipping creation of existing schema: "public"
2025-07-11 19:45:41 [restartedMain] DEBUG o.f.c.a.c.ClassicConfiguration - CherryPickConfigurationExtension not found
2025-07-11 19:45:41 [restartedMain] INFO  o.f.core.internal.command.DbMigrate - Current version of schema "public": 2
2025-07-11 19:45:41 [restartedMain] INFO  o.f.core.internal.command.DbMigrate - Schema "public" is up to date. No migration necessary.
2025-07-11 19:45:41 [restartedMain] DEBUG org.flywaydb.core.FlywayExecutor - Memory usage: 81 of 148M
2025-07-11 19:45:41 [restartedMain] INFO  o.h.jpa.internal.util.LogHelper - HHH000204: Processing PersistenceUnitInfo [name: default]
2025-07-11 19:45:41 [restartedMain] INFO  o.h.c.i.RegionFactoryInitiator - HHH000026: Second-level cache disabled
2025-07-11 19:45:41 [restartedMain] INFO  o.s.o.j.p.SpringPersistenceUnitInfo - No LoadTimeWeaver setup: ignoring JPA class transformer
2025-07-11 19:45:41 [restartedMain] WARN  org.hibernate.orm.deprecation - HHH90000025: PostgreSQLDialect does not need to be specified explicitly using 'hibernate.dialect' (remove the property setting and it will be selected by default)
2025-07-11 19:45:41 [restartedMain] INFO  o.hibernate.orm.connections.pooling - HHH10001005: Database info:
	Database JDBC URL [Connecting through datasource 'HikariDataSource (HikariPool-2)']
	Database driver: undefined/unknown
	Database version: 16.9
	Autocommit mode: undefined/unknown
	Isolation level: undefined/unknown
	Minimum pool size: undefined/unknown
	Maximum pool size: undefined/unknown
2025-07-11 19:45:41 [restartedMain] INFO  o.h.e.t.j.p.i.JtaPlatformInitiator - HHH000489: No JTA platform available (set 'hibernate.transaction.jta.platform' to enable JTA platform integration)
2025-07-11 19:45:41 [restartedMain] INFO  o.s.o.j.LocalContainerEntityManagerFactoryBean - Initialized JPA EntityManagerFactory for persistence unit 'default'
2025-07-11 19:45:42 [restartedMain] WARN  o.s.b.a.s.s.UserDetailsServiceAutoConfiguration - 

Using generated security password: 1404e768-ca53-4f7d-9285-fc234fae0366

This generated password is for development use only. Your security configuration must be updated before running your application in production.

2025-07-11 19:45:42 [restartedMain] INFO  o.s.b.d.a.OptionalLiveReloadServer - LiveReload server is running on port 35729
2025-07-11 19:45:42 [restartedMain] INFO  o.s.b.w.e.tomcat.TomcatWebServer - Tomcat started on port 8080 (http) with context path '/'
2025-07-11 19:45:42 [restartedMain] INFO  com.safedrive.SafeDriveApplication - Started SafeDriveApplication in 5.889 seconds (process running for 191.047)
2025-07-11 19:45:42 [restartedMain] INFO  o.s.b.d.a.ConditionEvaluationDeltaLoggingListener - Condition evaluation unchanged
